<?xml version="1.0" encoding="UTF-8"?>
<!-- Generated by org.testng.reporters.JUnitReportReporter -->
<testsuite hostname="DESKTOP-229OM7U" name="tests.ProductDetailsPageTest" tests="5" failures="0" timestamp="13 Jan 2020 18:24:16 GMT" time="2.388" errors="0">
  <testcase name="verifyDescription" time="0.625" classname="tests.ProductDetailsPageTest"/>
  <testcase name="verifyFacebookBtn" time="0.203" classname="tests.ProductDetailsPageTest"/>
  <testcase name="verifyTweetBtn" time="0.384" classname="tests.ProductDetailsPageTest"/>
  <testcase name="verifyPinterestBtn" time="0.764" classname="tests.ProductDetailsPageTest"/>
  <testcase name="verifyGoogleBtn" time="0.412" classname="tests.ProductDetailsPageTest"/>
</testsuite> <!-- tests.ProductDetailsPageTest -->
