<?xml version="1.0" encoding="UTF-8"?>
<!-- Generated by org.testng.reporters.JUnitReportReporter -->
<testsuite hostname="DESKTOP-229OM7U" name="tests.DressesPageTest" tests="5" failures="0" timestamp="13 Jan 2020 17:39:26 GMT" time="5.350" errors="0">
  <testcase name="verifyChkBoxSizeM" time="0.248" classname="tests.DressesPageTest"/>
  <testcase name="verifyMatchingResult" time="0.287" classname="tests.DressesPageTest"/>
  <testcase name="verifyProductAddedToCart" time="3.763" classname="tests.DressesPageTest"/>
  <testcase name="verifyChkBoxSizeL" time="0.596" classname="tests.DressesPageTest"/>
  <testcase name="verifyChkBoxSizeS" time="0.456" classname="tests.DressesPageTest"/>
</testsuite> <!-- tests.DressesPageTest -->
